{
  "stats": {
    "suites": 1,
    "tests": 7,
    "passes": 7,
    "pending": 0,
    "failures": 0,
    "start": "2023-05-17T14:59:15.349Z",
    "end": "2023-05-17T14:59:16.653Z",
    "duration": 1304,
    "testsRegistered": 7,
    "passPercent": 100,
    "pendingPercent": 0,
    "other": 0,
    "hasOther": false,
    "skipped": 0,
    "hasSkipped": false
  },
  "results": [
    {
      "uuid": "305f281e-c06e-4268-88c5-e70df68195da",
      "title": "",
      "fullFile": "cypress/integration/produtos.spec.js",
      "file": "cypress/integration/produtos.spec.js",
      "beforeHooks": [],
      "afterHooks": [],
      "tests": [],
      "suites": [
        {
          "uuid": "e8027daa-e83e-44ba-8794-603a6b406cdc",
          "title": "Testes da Funcionalidade Produtos",
          "fullFile": "",
          "file": "",
          "beforeHooks": [],
          "afterHooks": [],
          "tests": [
            {
              "title": "Deve VALIDAR contrato de produtos",
              "fullTitle": "Testes da Funcionalidade Produtos Deve VALIDAR contrato de produtos",
              "timedOut": null,
              "duration": 275,
              "state": "passed",
              "speed": "fast",
              "pass": true,
              "fail": false,
              "pending": false,
              "context": null,
              "code": "cy.request('produtos').then(response => {\n  return _produtos.default.validateAsync(response.body);\n});",
              "err": {},
              "uuid": "7f48b8a9-42e0-49a5-bd3b-d15e6b0715e0",
              "parentUUID": "e8027daa-e83e-44ba-8794-603a6b406cdc",
              "isHook": false,
              "skipped": false
            },
            {
              "title": "Listar Produtos",
              "fullTitle": "Testes da Funcionalidade Produtos Listar Produtos",
              "timedOut": null,
              "duration": 127,
              "state": "passed",
              "speed": "fast",
              "pass": true,
              "fail": false,
              "pending": false,
              "context": null,
              "code": "cy.request({\n  method: 'GET',\n  url: 'produtos'\n}).then(response => {\n  //expect(response.body.produtos[1].nome).to.equal('Logitech MX Vertical')\n  expect(response.status).to.equal(200);\n  expect(response.body).to.have.property('produtos');\n  expect(response.duration).to.be.lessThan(15);\n});",
              "err": {},
              "uuid": "b58b13ac-c584-40a0-9cfb-e52778b9b1b5",
              "parentUUID": "e8027daa-e83e-44ba-8794-603a6b406cdc",
              "isHook": false,
              "skipped": false
            },
            {
              "title": "Deve CADATRAR Produtos",
              "fullTitle": "Testes da Funcionalidade Produtos Deve CADATRAR Produtos",
              "timedOut": null,
              "duration": 127,
              "state": "passed",
              "speed": "fast",
              "pass": true,
              "fail": false,
              "pending": false,
              "context": null,
              "code": "let produto = `Produto EBAC ${Math.floor(Math.random() * 10000000000)}`;\ncy.request({\n  method: 'POST',\n  url: 'produtos',\n  headers: {\n    authorization: token\n  },\n  body: {\n    \"nome\": produto,\n    \"preco\": 375,\n    \"descricao\": \"Produto Novo\",\n    \"quantidade\": 275\n  }\n}).then(response => {\n  expect(response.status).to.equal(201);\n  expect(response.body.message).to.equal('Cadastro realizado com sucesso');\n});",
              "err": {},
              "uuid": "73c32f84-85ff-457c-8a35-27634cf6e6ef",
              "parentUUID": "e8027daa-e83e-44ba-8794-603a6b406cdc",
              "isHook": false,
              "skipped": false
            },
            {
              "title": "Deve validar mensagem de erro ao cadastrar produto repetido",
              "fullTitle": "Testes da Funcionalidade Produtos Deve validar mensagem de erro ao cadastrar produto repetido",
              "timedOut": null,
              "duration": 129,
              "state": "passed",
              "speed": "fast",
              "pass": true,
              "fail": false,
              "pending": false,
              "context": null,
              "code": "cy.cadastrarProduto(token, \"produto EBAC Novo 1\", 260, \"Descrição do produto novo\", 175).then(response => {\n  expect(response.status).to.equal(400);\n  expect(response.body.message).to.equal('Já existe produto com esse nome');\n});",
              "err": {},
              "uuid": "df6b7610-2d22-476c-a4ea-0bb3465998dc",
              "parentUUID": "e8027daa-e83e-44ba-8794-603a6b406cdc",
              "isHook": false,
              "skipped": false
            },
            {
              "title": "Deve EDITAR produto previamente cadastrado",
              "fullTitle": "Testes da Funcionalidade Produtos Deve EDITAR produto previamente cadastrado",
              "timedOut": null,
              "duration": 152,
              "state": "passed",
              "speed": "fast",
              "pass": true,
              "fail": false,
              "pending": false,
              "context": null,
              "code": "cy.request('produtos').then(response => {\n  //cy.log(response.body.produtos[0]._id)\n  let id = response.body.produtos[0]._id;\n  cy.request({\n    method: 'PUT',\n    url: `produtos/${id}`,\n    headers: {\n      authorization: token\n    },\n    body: {\n      \"nome\": \"Produto EBAC 9575975009/123\",\n      \"preco\": 150,\n      \"descricao\": \"Produto Editado 1\",\n      \"quantidade\": 136\n    }\n  }).then(response => {\n    expect(response.body.message).to.equal(\"Registro alterado com sucesso\");\n  });\n});",
              "err": {},
              "uuid": "46f34ef4-411a-481a-beb3-ef7b0ddd4daf",
              "parentUUID": "e8027daa-e83e-44ba-8794-603a6b406cdc",
              "isHook": false,
              "skipped": false
            },
            {
              "title": "Deve EDITAR produto cadastrado previamente",
              "fullTitle": "Testes da Funcionalidade Produtos Deve EDITAR produto cadastrado previamente",
              "timedOut": null,
              "duration": 166,
              "state": "passed",
              "speed": "fast",
              "pass": true,
              "fail": false,
              "pending": false,
              "context": null,
              "code": "let produto = `Produto EBAC ${Math.floor(Math.random() * 10000000000)}`;\ncy.cadastrarProduto(token, produto, 260, \"Descrição do produto novo\", 175).then(response => {\n  expect(response.status).to.equal(201);\n  expect(response.body.message).to.equal('Cadastro realizado com sucesso');\n}).then(response => {\n  let id = response.body._id;\n  cy.request({\n    method: 'PUT',\n    url: `produtos/${id}`,\n    headers: {\n      authorization: token\n    },\n    body: {\n      \"nome\": produto,\n      \"preco\": 200,\n      \"descricao\": \"Produto Editado 2\",\n      \"quantidade\": 360\n    }\n  }).then(response => {\n    expect(response.status).to.equal(200);\n    expect(response.body.message).to.equal(\"Registro alterado com sucesso\");\n  });\n});",
              "err": {},
              "uuid": "8e8089d3-2b21-4386-b22c-c8743d3f2a32",
              "parentUUID": "e8027daa-e83e-44ba-8794-603a6b406cdc",
              "isHook": false,
              "skipped": false
            },
            {
              "title": "Deve DELETAR produto previamente cadastrado",
              "fullTitle": "Testes da Funcionalidade Produtos Deve DELETAR produto previamente cadastrado",
              "timedOut": null,
              "duration": 149,
              "state": "passed",
              "speed": "fast",
              "pass": true,
              "fail": false,
              "pending": false,
              "context": null,
              "code": "let produto = `Produto EBAC ${Math.floor(Math.random() * 10000000000)}`;\ncy.cadastrarProduto(token, produto, 260, \"Descrição do produto novo\", 175).then(response => {\n  expect(response.status).to.equal(201);\n  expect(response.body.message).to.equal('Cadastro realizado com sucesso');\n}).then(response => {\n  let id = response.body._id;\n  cy.request({\n    method: 'DELETE',\n    url: `produtos/${id}`,\n    headers: {\n      authorization: token\n    }\n  }).then(response => {\n    expect(response.status).to.equal(200);\n    expect(response.body.message).to.equal(\"Registro excluído com sucesso\");\n  });\n});",
              "err": {},
              "uuid": "3e61cd35-0a70-417a-9845-c36be1c93c1a",
              "parentUUID": "e8027daa-e83e-44ba-8794-603a6b406cdc",
              "isHook": false,
              "skipped": false
            }
          ],
          "suites": [],
          "passes": [
            "7f48b8a9-42e0-49a5-bd3b-d15e6b0715e0",
            "b58b13ac-c584-40a0-9cfb-e52778b9b1b5",
            "73c32f84-85ff-457c-8a35-27634cf6e6ef",
            "df6b7610-2d22-476c-a4ea-0bb3465998dc",
            "46f34ef4-411a-481a-beb3-ef7b0ddd4daf",
            "8e8089d3-2b21-4386-b22c-c8743d3f2a32",
            "3e61cd35-0a70-417a-9845-c36be1c93c1a"
          ],
          "failures": [],
          "pending": [],
          "skipped": [],
          "duration": 1125,
          "root": false,
          "rootEmpty": false,
          "_timeout": 2000
        }
      ],
      "passes": [],
      "failures": [],
      "pending": [],
      "skipped": [],
      "duration": 0,
      "root": true,
      "rootEmpty": true,
      "_timeout": 2000
    }
  ],
  "meta": {
    "mocha": {
      "version": "7.0.1"
    },
    "mochawesome": {
      "options": {
        "quiet": false,
        "reportFilename": "mochawesome",
        "saveHtml": false,
        "saveJson": true,
        "consoleReporter": "spec",
        "useInlineDiffs": false,
        "code": true
      },
      "version": "7.1.3"
    },
    "marge": {
      "options": {
        "reportDir": "mochawesome-report",
        "overwrite": false,
        "html": false,
        "json": true
      },
      "version": "6.2.0"
    }
  }
}