{
  "stats": {
    "suites": 1,
    "tests": 7,
    "passes": 7,
    "pending": 0,
    "failures": 0,
    "start": "2023-05-08T19:26:14.132Z",
    "end": "2023-05-08T19:26:15.466Z",
    "duration": 1334,
    "testsRegistered": 7,
    "passPercent": 100,
    "pendingPercent": 0,
    "other": 0,
    "hasOther": false,
    "skipped": 0,
    "hasSkipped": false
  },
  "results": [
    {
      "uuid": "12c2fed2-edac-43ee-b73e-84a916c67cd7",
      "title": "",
      "fullFile": "cypress/integration/produtos.spec.js",
      "file": "cypress/integration/produtos.spec.js",
      "beforeHooks": [],
      "afterHooks": [],
      "tests": [],
      "suites": [
        {
          "uuid": "c8a45344-1df6-4b75-85d8-e306a1651095",
          "title": "Testes da Funcionalidade Produtos",
          "fullFile": "",
          "file": "",
          "beforeHooks": [],
          "afterHooks": [],
          "tests": [
            {
              "title": "Deve VALIDAR contrato de produtos",
              "fullTitle": "Testes da Funcionalidade Produtos Deve VALIDAR contrato de produtos",
              "timedOut": null,
              "duration": 254,
              "state": "passed",
              "speed": "fast",
              "pass": true,
              "fail": false,
              "pending": false,
              "context": null,
              "code": "cy.request('produtos').then(response => {\n  return _produtos.default.validateAsync(response.body);\n});",
              "err": {},
              "uuid": "dbe33dfd-a932-4f29-a656-b270a33f68dd",
              "parentUUID": "c8a45344-1df6-4b75-85d8-e306a1651095",
              "isHook": false,
              "skipped": false
            },
            {
              "title": "Listar Produtos",
              "fullTitle": "Testes da Funcionalidade Produtos Listar Produtos",
              "timedOut": null,
              "duration": 183,
              "state": "passed",
              "speed": "fast",
              "pass": true,
              "fail": false,
              "pending": false,
              "context": null,
              "code": "cy.request({\n  method: 'GET',\n  url: 'produtos'\n}).then(response => {\n  //expect(response.body.produtos[1].nome).to.equal('Logitech MX Vertical')\n  expect(response.status).to.equal(200);\n  expect(response.body).to.have.property('produtos');\n  expect(response.duration).to.be.lessThan(15);\n});",
              "err": {},
              "uuid": "fea26d5c-828e-4f3e-8cd1-73b49d5e0b78",
              "parentUUID": "c8a45344-1df6-4b75-85d8-e306a1651095",
              "isHook": false,
              "skipped": false
            },
            {
              "title": "Deve CADATRAR Produtos",
              "fullTitle": "Testes da Funcionalidade Produtos Deve CADATRAR Produtos",
              "timedOut": null,
              "duration": 93,
              "state": "passed",
              "speed": "fast",
              "pass": true,
              "fail": false,
              "pending": false,
              "context": null,
              "code": "let produto = `Produto EBAC ${Math.floor(Math.random() * 10000000000)}`;\ncy.request({\n  method: 'POST',\n  url: 'produtos',\n  headers: {\n    authorization: token\n  },\n  body: {\n    \"nome\": produto,\n    \"preco\": 375,\n    \"descricao\": \"Produto Novo\",\n    \"quantidade\": 275\n  }\n}).then(response => {\n  expect(response.status).to.equal(201);\n  expect(response.body.message).to.equal('Cadastro realizado com sucesso');\n});",
              "err": {},
              "uuid": "866634aa-97f2-4bf6-8e9e-8f27009c1acb",
              "parentUUID": "c8a45344-1df6-4b75-85d8-e306a1651095",
              "isHook": false,
              "skipped": false
            },
            {
              "title": "Deve validar mensagem de erro ao cadastrar produto repetido",
              "fullTitle": "Testes da Funcionalidade Produtos Deve validar mensagem de erro ao cadastrar produto repetido",
              "timedOut": null,
              "duration": 148,
              "state": "passed",
              "speed": "fast",
              "pass": true,
              "fail": false,
              "pending": false,
              "context": null,
              "code": "cy.cadastrarProduto(token, \"produto EBAC Novo 1\", 260, \"Descrição do produto novo\", 175).then(response => {\n  expect(response.status).to.equal(400);\n  expect(response.body.message).to.equal('Já existe produto com esse nome');\n});",
              "err": {},
              "uuid": "786a061b-8e23-439a-a567-6ae6464be667",
              "parentUUID": "c8a45344-1df6-4b75-85d8-e306a1651095",
              "isHook": false,
              "skipped": false
            },
            {
              "title": "Deve EDITAR produto previamente cadastrado",
              "fullTitle": "Testes da Funcionalidade Produtos Deve EDITAR produto previamente cadastrado",
              "timedOut": null,
              "duration": 152,
              "state": "passed",
              "speed": "fast",
              "pass": true,
              "fail": false,
              "pending": false,
              "context": null,
              "code": "cy.request('produtos').then(response => {\n  //cy.log(response.body.produtos[0]._id)\n  let id = response.body.produtos[0]._id;\n  cy.request({\n    method: 'PUT',\n    url: `produtos/${id}`,\n    headers: {\n      authorization: token\n    },\n    body: {\n      \"nome\": \"Produto EBAC 9575975009/123\",\n      \"preco\": 150,\n      \"descricao\": \"Produto Editado 1\",\n      \"quantidade\": 136\n    }\n  }).then(response => {\n    expect(response.body.message).to.equal(\"Registro alterado com sucesso\");\n  });\n});",
              "err": {},
              "uuid": "77e1a8da-0cc9-4917-a28c-ccf13adb0664",
              "parentUUID": "c8a45344-1df6-4b75-85d8-e306a1651095",
              "isHook": false,
              "skipped": false
            },
            {
              "title": "Deve EDITAR produto cadastrado previamente",
              "fullTitle": "Testes da Funcionalidade Produtos Deve EDITAR produto cadastrado previamente",
              "timedOut": null,
              "duration": 185,
              "state": "passed",
              "speed": "fast",
              "pass": true,
              "fail": false,
              "pending": false,
              "context": null,
              "code": "let produto = `Produto EBAC ${Math.floor(Math.random() * 10000000000)}`;\ncy.cadastrarProduto(token, produto, 260, \"Descrição do produto novo\", 175).then(response => {\n  expect(response.status).to.equal(201);\n  expect(response.body.message).to.equal('Cadastro realizado com sucesso');\n}).then(response => {\n  let id = response.body._id;\n  cy.request({\n    method: 'PUT',\n    url: `produtos/${id}`,\n    headers: {\n      authorization: token\n    },\n    body: {\n      \"nome\": produto,\n      \"preco\": 200,\n      \"descricao\": \"Produto Editado 2\",\n      \"quantidade\": 360\n    }\n  }).then(response => {\n    expect(response.status).to.equal(200);\n    expect(response.body.message).to.equal(\"Registro alterado com sucesso\");\n  });\n});",
              "err": {},
              "uuid": "930e4c5a-5d89-465b-be20-8a19f9c1e5fa",
              "parentUUID": "c8a45344-1df6-4b75-85d8-e306a1651095",
              "isHook": false,
              "skipped": false
            },
            {
              "title": "Deve DELETAR produto previamente cadastrado",
              "fullTitle": "Testes da Funcionalidade Produtos Deve DELETAR produto previamente cadastrado",
              "timedOut": null,
              "duration": 147,
              "state": "passed",
              "speed": "fast",
              "pass": true,
              "fail": false,
              "pending": false,
              "context": null,
              "code": "let produto = `Produto EBAC ${Math.floor(Math.random() * 10000000000)}`;\ncy.cadastrarProduto(token, produto, 260, \"Descrição do produto novo\", 175).then(response => {\n  expect(response.status).to.equal(201);\n  expect(response.body.message).to.equal('Cadastro realizado com sucesso');\n}).then(response => {\n  let id = response.body._id;\n  cy.request({\n    method: 'DELETE',\n    url: `produtos/${id}`,\n    headers: {\n      authorization: token\n    }\n  }).then(response => {\n    expect(response.status).to.equal(200);\n    expect(response.body.message).to.equal(\"Registro excluído com sucesso\");\n  });\n});",
              "err": {},
              "uuid": "53402c47-b48a-46c5-91ab-751a0e6652f0",
              "parentUUID": "c8a45344-1df6-4b75-85d8-e306a1651095",
              "isHook": false,
              "skipped": false
            }
          ],
          "suites": [],
          "passes": [
            "dbe33dfd-a932-4f29-a656-b270a33f68dd",
            "fea26d5c-828e-4f3e-8cd1-73b49d5e0b78",
            "866634aa-97f2-4bf6-8e9e-8f27009c1acb",
            "786a061b-8e23-439a-a567-6ae6464be667",
            "77e1a8da-0cc9-4917-a28c-ccf13adb0664",
            "930e4c5a-5d89-465b-be20-8a19f9c1e5fa",
            "53402c47-b48a-46c5-91ab-751a0e6652f0"
          ],
          "failures": [],
          "pending": [],
          "skipped": [],
          "duration": 1162,
          "root": false,
          "rootEmpty": false,
          "_timeout": 2000
        }
      ],
      "passes": [],
      "failures": [],
      "pending": [],
      "skipped": [],
      "duration": 0,
      "root": true,
      "rootEmpty": true,
      "_timeout": 2000
    }
  ],
  "meta": {
    "mocha": {
      "version": "7.0.1"
    },
    "mochawesome": {
      "options": {
        "quiet": false,
        "reportFilename": "mochawesome",
        "saveHtml": false,
        "saveJson": true,
        "consoleReporter": "spec",
        "useInlineDiffs": false,
        "code": true
      },
      "version": "7.1.3"
    },
    "marge": {
      "options": {
        "reportDir": "mochawesome-report",
        "overwrite": false,
        "html": false,
        "json": true
      },
      "version": "6.2.0"
    }
  }
}